2026-05-12 17:06:19                 [main] INFO  tests.LoginTest - Browser launched successfully
2026-05-12 17:06:23                 [main] INFO  tests.LoginTest - Application URL opened
2026-05-12 17:06:27                 [main] INFO  tests.LoginTest - Browser closed successfully
2026-05-13 17:58:39                 [main] INFO  tests.LoginTest - chrome browser launched successfully
2026-05-13 17:58:49                 [main] INFO  tests.LoginTest - Application URL opened successfully
2026-05-13 17:58:53                 [main] INFO  tests.LoginTest - Browser closed successfully
2026-05-13 18:08:20                 [main] INFO  tests.LoginTest - chrome browser launched successfully
2026-05-13 18:08:29                 [main] INFO  tests.LoginTest - Application URL opened successfully
2026-05-13 18:08:30                 [main] INFO  tests.LoginTest - Browser closed successfully
2026-05-13 18:09:47                 [main] INFO  tests.LoginTest - chrome browser launched successfully
2026-05-13 18:09:57                 [main] INFO  tests.LoginTest - Application URL opened successfully
2026-05-13 18:10:01                 [main] INFO  tests.LoginTest - Browser closed successfully
2026-05-13 18:17:22                 [main] INFO  tests.LoginTest - chrome browser launched successfully
2026-05-13 18:17:25                 [main] INFO  tests.LoginTest - Application URL opened successfully
2026-05-13 18:17:27                 [main] INFO  tests.LoginTest - Browser closed successfully
2026-05-13 18:25:08                 [main] INFO  tests.LoginTest - chrome browser launched successfully
2026-05-13 18:25:12                 [main] INFO  tests.LoginTest - Application URL opened successfully
2026-05-13 18:25:14                 [main] INFO  tests.LoginTest - Browser closed successfully
2026-05-13 19:44:36                 [main] INFO  tests.LoginTest - chrome browser launched successfully
2026-05-13 19:47:14                 [main] INFO  tests.LoginTest - chrome browser launched successfully
2026-05-13 19:47:17                 [main] INFO  tests.LoginTest - Application URL opened successfully
2026-05-13 19:48:01                 [main] INFO  tests.LoginTest - Browser closed successfully
2026-05-13 19:49:30                 [main] INFO  tests.LoginTest - chrome browser launched successfully
2026-05-13 19:49:32                 [main] INFO  tests.LoginTest - Application URL opened successfully
2026-05-13 19:50:16                 [main] INFO  tests.LoginTest - Browser closed successfully
2026-05-13 19:59:39                 [main] INFO  tests.LoginTest - chrome browser launched successfully
2026-05-13 19:59:43                 [main] INFO  tests.LoginTest - Application URL opened successfully
2026-05-13 20:00:26                 [main] INFO  tests.LoginTest - Browser closed successfully
2026-05-13 20:04:27                 [main] INFO  tests.LoginTest - chrome browser launched successfully
2026-05-13 20:04:34                 [main] INFO  tests.LoginTest - Application URL opened successfully
2026-05-13 20:05:17                 [main] INFO  tests.LoginTest - Browser closed successfully
2026-05-27 16:04:14                 [main] INFO  tests.LoginTest - chrome browser launched successfully
2026-05-27 16:04:18                 [main] INFO  tests.LoginTest - Application URL opened successfully
2026-05-27 16:04:19                 [main] INFO  tests.LoginTest - Browser closed successfully
2026-05-27 16:07:02                 [main] INFO  tests.LoginTest - chrome browser launched successfully
2026-05-27 16:07:08                 [main] INFO  tests.LoginTest - Application URL opened successfully
2026-05-27 16:09:52                 [main] INFO  tests.LoginTest - Browser closed successfully
2026-05-27 16:17:48                 [TestNG-tests-2] INFO  tests.LoginTest - chrome browser launched successfully
2026-05-27 16:17:48                 [TestNG-tests-1] INFO  tests.LoginTest - chrome browser launched successfully
2026-05-27 16:17:54                 [TestNG-tests-2] INFO  tests.LoginTest - Application URL opened successfully
2026-05-27 16:17:56                 [TestNG-tests-1] INFO  tests.LoginTest - Application URL opened successfully
2026-05-27 16:20:00                 [TestNG-tests-2] INFO  tests.LoginTest - Browser closed successfully
2026-05-27 16:20:02                 [TestNG-tests-1] INFO  tests.LoginTest - Browser closed successfully
2026-05-27 17:02:26                 [main] INFO  tests.LoginTest - chrome browser launched successfully
2026-05-27 17:02:31                 [main] INFO  tests.LoginTest - Application URL opened successfully
2026-05-27 17:02:51                 [main] INFO  tests.LoginTest - Browser closed successfully
2026-05-27 17:11:06                 [main] INFO  tests.LoginTest - chrome browser launched successfully
2026-05-27 17:17:07                 [TestNG-tests-1] INFO  tests.LoginTest - chrome browser launched successfully
2026-05-27 17:17:07                 [TestNG-tests-2] INFO  tests.LoginTest - chrome browser launched successfully
2026-05-27 17:24:45                 [TestNG-tests-1] INFO  tests.LoginTest - chrome browser launched successfully
2026-05-27 17:25:19                 [TestNG-tests-1] INFO  tests.LoginTest - chrome browser launched successfully
2026-05-27 17:25:22                 [TestNG-tests-1] INFO  tests.LoginTest - Application URL opened successfully
2026-05-27 17:26:07                 [TestNG-tests-1] INFO  tests.LoginTest - Browser closed successfully
2026-05-27 17:33:28                 [main] INFO  tests.LoginTest - chrome browser launched successfully
2026-05-27 18:07:55                 [main] INFO  tests.LoginTest - chrome browser launched successfully
2026-05-27 18:07:55                 [main] INFO  tests.LoginTest - Opening URL now...
2026-05-27 18:07:58                 [main] INFO  tests.LoginTest - URL opened
2026-05-27 18:07:58                 [main] INFO  tests.LoginTest - Application URL opened successfully
2026-05-27 18:08:03                 [main] INFO  tests.LoginTest - Browser closed successfully
2026-05-27 18:08:31                 [main] INFO  tests.LoginTest - chrome browser launched successfully
2026-05-27 18:08:31                 [main] INFO  tests.LoginTest - Opening URL now...
2026-05-27 18:08:34                 [main] INFO  tests.LoginTest - URL opened
2026-05-27 18:08:34                 [main] INFO  tests.LoginTest - Application URL opened successfully
2026-05-27 18:08:38                 [main] INFO  tests.LoginTest - Browser closed successfully
2026-05-27 19:53:05                 [main] INFO  tests.LoginTest - chrome browser launched successfully
2026-05-27 19:53:05                 [main] INFO  tests.LoginTest - Opening URL now...
2026-05-27 19:53:12                 [main] INFO  tests.LoginTest - URL opened
2026-05-27 19:53:12                 [main] INFO  tests.LoginTest - Application URL opened successfully
2026-05-27 19:53:18                 [main] INFO  tests.LoginTest - Browser closed successfully
